QlpoOTFBWSZTWeL4SuAAAAnZAAgAAAt38AAQIAAxTAABBMNTEyNGmQrOOaP2lzYsILwCZYk3bxbMvi7kinChIcXwlcA=
QlpoOTFBWSZTWUsBfVwAAAjZAAgAAAt38AAIIAAxTAABBHojE2oIKo1ZjrTyBIvTm2Mk+3T2IwWqfF3JFOFCQSwF9XA=
QlpoOTFBWSZTWe5XBNUAAAjZAAgAAAt/8AAEIAAiE009QybSFMABNHFqnJJCzuHczYYGtdMNeEivMkqnxdyRThQkO5XBNUA=
QlpoOTFBWSZTWawOk/0AAAnZAAgAAAt/sAACIAAiCZNDyEKYAAicVPG22oGuC3Qw0TgrT3WOAUKp8XckU4UJCsDpP9A=
QlpoOTFBWSZTWZ/GPC8AAAvfgAgAAAv/8AQDQAC+C98AIABUNUybUaNNBoGQaZpCptRtTRtT1HqPSNGgA7J8OfgA0un64plQMDBkVdWLRRKVfYd4KhRYctCk3XucvEj3dQfBEQUWHRphcyK0SrSdGfi7kinChIT+MeF4
QlpoOTFBWSZTWT8LX+MAAAlZAAgAAAt/cCAAIAAiAnpNMEKYAA4+mS1lNaFXZGindXEeGWkYk3rWZfF3JFOFCQPwtf4w
QlpoOTFBWSZTWZ/GPC8AAAvfgAgAAAv/8AQDQAC+C98AIABUNUybUaNNBoGQaZpCptRtTRtT1HqPSNGgA7J8OfgA0un64plQMDBkVdWLRRKVfYd4KhRYctCk3XucvEj3dQfBEQUWHRphcyK0SrSdGfi7kinChIT+MeF4
QlpoOTFBWSZTWdQTIfYAAAlYgAgAAAt7cCAAIAAxAAAGiabUPQmzjDit5aJ7RwqAdHhVRb+cLEmHxdyRThQkNQTIfYA=
QlpoOTFBWSZTWZ/GPC8AAAvfgAgAAAv/8AQDQAC+C98AIABUNUybUaNNBoGQaZpCptRtTRtT1HqPSNGgA7J8OfgA0un64plQMDBkVdWLRRKVfYd4KhRYctCk3XucvEj3dQfBEQUWHRphcyK0SrSdGfi7kinChIT+MeF4
QlpoOTFBWSZTWXtmeycAAApfgAgAAAv38BEACACvxtwgIABUU1NBoYmE0GRvUCKeU8o8iZHqAAAjq2dg7Fchgy0SOMzQ4Eik8qSFGBmmUHeIYeOPw7E40FVf2otW+QxGzaozIrXF3JFOFCQe2Z7JwA==
QlpoOTFBWSZTWZ/GPC8AAAvfgAgAAAv/8AQDQAC+C98AIABUNUybUaNNBoGQaZpCptRtTRtT1HqPSNGgA7J8OfgA0un64plQMDBkVdWLRRKVfYd4KhRYctCk3XucvEj3dQfBEQUWHRphcyK0SrSdGfi7kinChIT+MeF4
QlpoOTFBWSZTWT8LX+MAAAlZAAgAAAt/cCAAIAAiAnpNMEKYAA4+mS1lNaFXZGindXEeGWkYk3rWZfF3JFOFCQPwtf4w
QlpoOTFBWSZTWZ/GPC8AAAvfgAgAAAv/8AQDQAC+C98AIABUNUybUaNNBoGQaZpCptRtTRtT1HqPSNGgA7J8OfgA0un64plQMDBkVdWLRRKVfYd4KhRYctCk3XucvEj3dQfBEQUWHRphcyK0SrSdGfi7kinChIT+MeF4
QlpoOTFBWSZTWZ/GPC8AAAvfgAgAAAv/8AQDQAC+C98AIABUNUybUaNNBoGQaZpCptRtTRtT1HqPSNGgA7J8OfgA0un64plQMDBkVdWLRRKVfYd4KhRYctCk3XucvEj3dQfBEQUWHRphcyK0SrSdGfi7kinChIT+MeF4
QlpoOTFBWSZTWVYRhjkAAApfgAgAAAt/sAwAAAQ7Ld4AIABBENE9Jow0g0HpNDGAAmAAJjSeXMfUkM/oKfORpKhNY4yo2orGCqxgDpPA7LpaJiC8kG3ZdXw/zUWEgDhi7t+xP8XckU4UJBWEYY5A
QlpoOTFBWSZTWdQTIfYAAAlYgAgAAAt7cCAAIAAxAAAGiabUPQmzjDit5aJ7RwqAdHhVRb+cLEmHxdyRThQkNQTIfYA=
QlpoOTFBWSZTWWp/tGcAAArfgAgAAAv/sAAhQgCyb94gIABIqeoekwR6NTI0aA0DVBkPSAAZGR6nlBNTayKb4InTF1kHFHIUiA53GBi5bIgxC2peqQaFSoX4zZEkaQ7CHQgUknsFIatX4u5IpwoSDU/2jOA=
QlpoOTFBWSZTWcKcUrwAAAlYgAgAAAt/8CAAIAAiEaYh6T0hTAATTUWqeoiFE2PPT41MEsQGGQllKVPi7kinChIYU4pXgA==
QlpoOTFBWSZTWW0OgsEAAAlYgAgAAAt18AIAIAAhoTEbQhAAAedQYV46U3mG3BkLMdu6rGY6FKD4u5IpwoSDaHQWCA==
QlpoOTFBWSZTWVYRhjkAAApfgAgAAAt/sAwAAAQ7Ld4AIABBENE9Jow0g0HpNDGAAmAAJjSeXMfUkM/oKfORpKhNY4yo2orGCqxgDpPA7LpaJiC8kG3ZdXw/zUWEgDhi7t+xP8XckU4UJBWEYY5A
QlpoOTFBWSZTWT8LX+MAAAlZAAgAAAt/cCAAIAAiAnpNMEKYAA4+mS1lNaFXZGindXEeGWkYk3rWZfF3JFOFCQPwtf4w
QlpoOTFBWSZTWZ/GPC8AAAvfgAgAAAv/8AQDQAC+C98AIABUNUybUaNNBoGQaZpCptRtTRtT1HqPSNGgA7J8OfgA0un64plQMDBkVdWLRRKVfYd4KhRYctCk3XucvEj3dQfBEQUWHRphcyK0SrSdGfi7kinChIT+MeF4
QlpoOTFBWSZTWdQTIfYAAAlYgAgAAAt7cCAAIAAxAAAGiabUPQmzjDit5aJ7RwqAdHhVRb+cLEmHxdyRThQkNQTIfYA=
QlpoOTFBWSZTWcfFL5cAAApYgAgAAAt78CAAIAAxTAABDUaZMmajOVQVjJIQNklw9GDuOTYfNMDfVT4u5IpwoSGPil8u
QlpoOTFBWSZTWV4NbsYAAAlZAAgAAAt7cCAAIAAxAAAITTNTT1PSSMdrKmnMYaijY3sLEWxNF6At2+LuSKcKEgvBrdjA
QlpoOTFBWSZTWVYRhjkAAApfgAgAAAt/sAwAAAQ7Ld4AIABBENE9Jow0g0HpNDGAAmAAJjSeXMfUkM/oKfORpKhNY4yo2orGCqxgDpPA7LpaJiC8kG3ZdXw/zUWEgDhi7t+xP8XckU4UJBWEYY5A
QlpoOTFBWSZTWXftfPkAAAjYgAgAAAt/8BAAIAAxTAATQhNMR6EyK+GQmyY4cKorH29qyUPWkIhZUmXxdyRThQkHftfPkA==
QlpoOTFBWSZTWRDk5ZkAAAnZAAgAAAt3cAEAIAAiBNonpMhAAAidVDeMFt54ZcwjaPZVZNwHGuVT4u5IpwoSAhycsyA=
QlpoOTFBWSZTWdP4DgwAAAnZAAgAAAt3cACAIAAxAAAGkxqD0JO8YIXRZbFIlHWprIL8e++EZxMPi7kinChIafwHBgA=
QlpoOTFBWSZTWVYRhjkAAApfgAgAAAt/sAwAAAQ7Ld4AIABBENE9Jow0g0HpNDGAAmAAJjSeXMfUkM/oKfORpKhNY4yo2orGCqxgDpPA7LpaJiC8kG3ZdXw/zUWEgDhi7t+xP8XckU4UJBWEYY5A
QlpoOTFBWSZTWd2VfmoAAAnZAAgAAAt/8AQAIAAitDNQek2oUwAE0cJrTNEMdIGhIu4URWK6/FmJ2Wt8XckU4UJDdlX5qA==
QlpoOTFBWSZTWSFEhg0AAAtZgAgAAAt/8CfYGIAgAEiptGUepmpmk9T0TFNNDQAANJkbo+frL0fEYVvJJ1iA2W+CIFLAnLtfDhpvwZxZB9MQFAAcCL4u5IpwoSBCiQwa
QlpoOTFBWSZTWZhVz8cAAAnZAAgAAAt/8ABAIAAxTAATQgmjaRgmxhlU3THE3lCgisoRnUXfhGOkmXxdyRThQkJhVz8c
QlpoOTFBWSZTWcslIDEAAAtfgAgAQAv/8CAgWAC/Y9+AIABgip+RpE/QoPKemiAYmntQxk0yBk0MgyNMCMdaj84epay7AvvmceE06o46kDZuC43lLCrUORnWGI5YlOm3kdMvjKMUT2BWBpf+bYSJl+sbo2+wzX+L0QTbZXODcXckU4UJDLJSAxA=
QlpoOTFBWSZTWauq6ngAAAxfgAgAQAv/8CQAjACq794AIABURQ0xDIAGjQ0Hp6oRT1GyQDQ02iDQAHslVnTIgLZ+dY+sJwhi5qAoyFRQA1lBYTPlSlVy3i/i3M2/dA1yh5p9i0KQs71TRgmE5UkggMPxdyRThQkKuq6ngA==